[debug] [2024-07-11T09:46:16.560Z] ----------------------------------------------------------------------
[debug] [2024-07-11T09:46:16.562Z] Command:       /home/ilyaz/.nvm/versions/node/v18.16.0/bin/node /home/ilyaz/.nvm/versions/node/v18.16.0/bin/firebase init
[debug] [2024-07-11T09:46:16.563Z] CLI Version:   13.13.1
[debug] [2024-07-11T09:46:16.563Z] Platform:      linux
[debug] [2024-07-11T09:46:16.564Z] Node Version:  v18.16.0
[debug] [2024-07-11T09:46:16.564Z] Time:          Thu Jul 11 2024 15:46:16 GMT+0600 (Киргизия)
[debug] [2024-07-11T09:46:16.564Z] ----------------------------------------------------------------------
[debug] 
[debug] [2024-07-11T09:46:16.571Z] > command requires scopes: ["email","openid","https://www.googleapis.com/auth/cloudplatformprojects.readonly","https://www.googleapis.com/auth/firebase","https://www.googleapis.com/auth/cloud-platform"]
[debug] [2024-07-11T09:46:16.572Z] > authorizing via signed-in user (kutmanbekbolotov2003@gmail.com)
[info] 
     ######## #### ########  ######## ########     ###     ######  ########
     ##        ##  ##     ## ##       ##     ##  ##   ##  ##       ##
     ######    ##  ########  ######   ########  #########  ######  ######
     ##        ##  ##    ##  ##       ##     ## ##     ##       ## ##
     ##       #### ##     ## ######## ########  ##     ##  ######  ########

You're about to initialize a Firebase project in this directory:

  /home/ilyaz/Рабочий стол/ListenUp

[info] 
=== Project Setup
[info] 
[info] First, let's associate this project directory with a Firebase project.
[info] You can create multiple project aliases by running firebase use --add, 
[info] but for now we'll just set up a default project.
[info] 
[debug] [2024-07-11T09:48:14.794Z] >>> [apiv2][query] GET https://firebase.googleapis.com/v1beta1/projects pageSize=100
[debug] [2024-07-11T09:48:15.962Z] <<< [apiv2][status] GET https://firebase.googleapis.com/v1beta1/projects 401
[debug] [2024-07-11T09:48:15.962Z] <<< [apiv2][body] GET https://firebase.googleapis.com/v1beta1/projects [omitted]
[debug] [2024-07-11T09:48:15.963Z] HTTP Error: 401, Request had invalid authentication credentials. Expected OAuth 2 access token, login cookie or other valid authentication credential. See https://developers.google.com/identity/sign-in/web/devconsole-project.
[debug] [2024-07-11T09:48:16.871Z] FirebaseError: HTTP Error: 401, Request had invalid authentication credentials. Expected OAuth 2 access token, login cookie or other valid authentication credential. See https://developers.google.com/identity/sign-in/web/devconsole-project.
    at responseToError (/home/ilyaz/.nvm/versions/node/v18.16.0/lib/node_modules/firebase-tools/lib/responseToError.js:49:12)
    at RetryOperation._fn (/home/ilyaz/.nvm/versions/node/v18.16.0/lib/node_modules/firebase-tools/lib/apiv2.js:305:77)
    at process.processTicksAndRejections (node:internal/process/task_queues:95:5)
[error] 
[error] Error: Failed to list Firebase projects. See firebase-debug.log for more info.
[debug] [2024-07-11T09:48:31.152Z] ----------------------------------------------------------------------
[debug] [2024-07-11T09:48:31.155Z] Command:       /home/ilyaz/.nvm/versions/node/v18.16.0/bin/node /home/ilyaz/.nvm/versions/node/v18.16.0/bin/firebase init
[debug] [2024-07-11T09:48:31.156Z] CLI Version:   13.13.1
[debug] [2024-07-11T09:48:31.156Z] Platform:      linux
[debug] [2024-07-11T09:48:31.157Z] Node Version:  v18.16.0
[debug] [2024-07-11T09:48:31.157Z] Time:          Thu Jul 11 2024 15:48:31 GMT+0600 (Киргизия)
[debug] [2024-07-11T09:48:31.157Z] ----------------------------------------------------------------------
[debug] 
[debug] [2024-07-11T09:48:31.166Z] > command requires scopes: ["email","openid","https://www.googleapis.com/auth/cloudplatformprojects.readonly","https://www.googleapis.com/auth/firebase","https://www.googleapis.com/auth/cloud-platform"]
[debug] [2024-07-11T09:48:31.167Z] > authorizing via signed-in user (kutmanbekbolotov2003@gmail.com)
[info] 
     ######## #### ########  ######## ########     ###     ######  ########
     ##        ##  ##     ## ##       ##     ##  ##   ##  ##       ##
     ######    ##  ########  ######   ########  #########  ######  ######
     ##        ##  ##    ##  ##       ##     ## ##     ##       ## ##
     ##       #### ##     ## ######## ########  ##     ##  ######  ########

You're about to initialize a Firebase project in this directory:

  /home/ilyaz/Рабочий стол/ListenUp

[info] 
=== Project Setup
[info] 
[info] First, let's associate this project directory with a Firebase project.
[info] You can create multiple project aliases by running firebase use --add, 
[info] but for now we'll just set up a default project.
[info] 
[debug] [2024-07-11T09:48:48.135Z] >>> [apiv2][query] GET https://firebase.googleapis.com/v1beta1/projects pageSize=100
[debug] [2024-07-11T09:48:48.830Z] <<< [apiv2][status] GET https://firebase.googleapis.com/v1beta1/projects 401
[debug] [2024-07-11T09:48:48.831Z] <<< [apiv2][body] GET https://firebase.googleapis.com/v1beta1/projects [omitted]
[debug] [2024-07-11T09:48:48.831Z] HTTP Error: 401, Request had invalid authentication credentials. Expected OAuth 2 access token, login cookie or other valid authentication credential. See https://developers.google.com/identity/sign-in/web/devconsole-project.
[debug] [2024-07-11T09:48:49.743Z] FirebaseError: HTTP Error: 401, Request had invalid authentication credentials. Expected OAuth 2 access token, login cookie or other valid authentication credential. See https://developers.google.com/identity/sign-in/web/devconsole-project.
    at responseToError (/home/ilyaz/.nvm/versions/node/v18.16.0/lib/node_modules/firebase-tools/lib/responseToError.js:49:12)
    at RetryOperation._fn (/home/ilyaz/.nvm/versions/node/v18.16.0/lib/node_modules/firebase-tools/lib/apiv2.js:305:77)
    at process.processTicksAndRejections (node:internal/process/task_queues:95:5)
[error] 
[error] Error: Failed to list Firebase projects. See firebase-debug.log for more info.
[debug] [2024-07-11T09:54:04.434Z] ----------------------------------------------------------------------
[debug] [2024-07-11T09:54:04.437Z] Command:       /home/ilyaz/.nvm/versions/node/v18.16.0/bin/node /home/ilyaz/.nvm/versions/node/v18.16.0/bin/firebase deploy
[debug] [2024-07-11T09:54:04.439Z] CLI Version:   13.13.1
[debug] [2024-07-11T09:54:04.439Z] Platform:      linux
[debug] [2024-07-11T09:54:04.440Z] Node Version:  v18.16.0
[debug] [2024-07-11T09:54:04.440Z] Time:          Thu Jul 11 2024 15:54:04 GMT+0600 (Киргизия)
[debug] [2024-07-11T09:54:04.440Z] ----------------------------------------------------------------------
[debug] 
[debug] [2024-07-11T09:54:04.613Z] > command requires scopes: ["email","openid","https://www.googleapis.com/auth/cloudplatformprojects.readonly","https://www.googleapis.com/auth/firebase","https://www.googleapis.com/auth/cloud-platform"]
[debug] [2024-07-11T09:54:04.614Z] > authorizing via signed-in user (kutmanbekbolotov2003@gmail.com)
[debug] [2024-07-11T09:54:04.614Z] [iam] checking project listenup-b1bd1 for permissions ["cloudfunctions.functions.create","cloudfunctions.functions.delete","cloudfunctions.functions.get","cloudfunctions.functions.list","cloudfunctions.functions.update","cloudfunctions.operations.get","firebase.projects.get","firebasehosting.sites.update"]
[debug] [2024-07-11T09:54:04.617Z] >>> [apiv2][query] POST https://cloudresourcemanager.googleapis.com/v1/projects/listenup-b1bd1:testIamPermissions [none]
[debug] [2024-07-11T09:54:04.618Z] >>> [apiv2][(partial)header] POST https://cloudresourcemanager.googleapis.com/v1/projects/listenup-b1bd1:testIamPermissions x-goog-quota-user=projects/listenup-b1bd1
[debug] [2024-07-11T09:54:04.618Z] >>> [apiv2][body] POST https://cloudresourcemanager.googleapis.com/v1/projects/listenup-b1bd1:testIamPermissions {"permissions":["cloudfunctions.functions.create","cloudfunctions.functions.delete","cloudfunctions.functions.get","cloudfunctions.functions.list","cloudfunctions.functions.update","cloudfunctions.operations.get","firebase.projects.get","firebasehosting.sites.update"]}
[debug] [2024-07-11T09:54:06.189Z] <<< [apiv2][status] POST https://cloudresourcemanager.googleapis.com/v1/projects/listenup-b1bd1:testIamPermissions 401
[debug] [2024-07-11T09:54:06.190Z] <<< [apiv2][body] POST https://cloudresourcemanager.googleapis.com/v1/projects/listenup-b1bd1:testIamPermissions {"error":{"code":401,"message":"Request had invalid authentication credentials. Expected OAuth 2 access token, login cookie or other valid authentication credential. See https://developers.google.com/identity/sign-in/web/devconsole-project.","status":"UNAUTHENTICATED","details":[{"@type":"type.googleapis.com/google.rpc.ErrorInfo","reason":"ACCESS_TOKEN_TYPE_UNSUPPORTED","metadata":{"method":"google.cloudresourcemanager.v1.Projects.TestIamPermissions","service":"cloudresourcemanager.googleapis.com"}}]}}
[debug] [2024-07-11T09:54:06.191Z] [iam] error while checking permissions, command may fail: FirebaseError: HTTP Error: 401, Request had invalid authentication credentials. Expected OAuth 2 access token, login cookie or other valid authentication credential. See https://developers.google.com/identity/sign-in/web/devconsole-project.
[debug] [2024-07-11T09:54:06.192Z] >>> [apiv2][query] POST https://iam.googleapis.com/v1/projects/listenup-b1bd1/serviceAccounts/listenup-b1bd1@appspot.gserviceaccount.com:testIamPermissions [none]
[debug] [2024-07-11T09:54:06.193Z] >>> [apiv2][body] POST https://iam.googleapis.com/v1/projects/listenup-b1bd1/serviceAccounts/listenup-b1bd1@appspot.gserviceaccount.com:testIamPermissions {"permissions":["iam.serviceAccounts.actAs"]}
[debug] [2024-07-11T09:54:08.014Z] <<< [apiv2][status] POST https://iam.googleapis.com/v1/projects/listenup-b1bd1/serviceAccounts/listenup-b1bd1@appspot.gserviceaccount.com:testIamPermissions 401
[debug] [2024-07-11T09:54:08.015Z] <<< [apiv2][body] POST https://iam.googleapis.com/v1/projects/listenup-b1bd1/serviceAccounts/listenup-b1bd1@appspot.gserviceaccount.com:testIamPermissions {"error":{"code":401,"message":"Request had invalid authentication credentials. Expected OAuth 2 access token, login cookie or other valid authentication credential. See https://developers.google.com/identity/sign-in/web/devconsole-project.","status":"UNAUTHENTICATED","details":[{"@type":"type.googleapis.com/google.rpc.ErrorInfo","reason":"ACCESS_TOKEN_TYPE_UNSUPPORTED","metadata":{"method":"google.iam.admin.v1.IAM.TestIamPermissions","service":"iam.googleapis.com"}}]}}
[debug] [2024-07-11T09:54:08.016Z] [functions] service account IAM check errored, deploy may fail: HTTP Error: 401, Request had invalid authentication credentials. Expected OAuth 2 access token, login cookie or other valid authentication credential. See https://developers.google.com/identity/sign-in/web/devconsole-project. {"name":"FirebaseError","children":[],"context":{"body":{"error":{"code":401,"message":"Request had invalid authentication credentials. Expected OAuth 2 access token, login cookie or other valid authentication credential. See https://developers.google.com/identity/sign-in/web/devconsole-project.","status":"UNAUTHENTICATED","details":[{"@type":"type.googleapis.com/google.rpc.ErrorInfo","reason":"ACCESS_TOKEN_TYPE_UNSUPPORTED","metadata":{"method":"google.iam.admin.v1.IAM.TestIamPermissions","service":"iam.googleapis.com"}}]}},"response":{"statusCode":401}},"exit":1,"message":"HTTP Error: 401, Request had invalid authentication credentials. Expected OAuth 2 access token, login cookie or other valid authentication credential. See https://developers.google.com/identity/sign-in/web/devconsole-project.","status":401}
[debug] [2024-07-11T09:54:08.020Z] >>> [apiv2][query] GET https://firebase.googleapis.com/v1beta1/projects/listenup-b1bd1 [none]
[debug] [2024-07-11T09:54:08.526Z] <<< [apiv2][status] GET https://firebase.googleapis.com/v1beta1/projects/listenup-b1bd1 401
[debug] [2024-07-11T09:54:08.527Z] <<< [apiv2][body] GET https://firebase.googleapis.com/v1beta1/projects/listenup-b1bd1 {"error":{"code":401,"message":"Request had invalid authentication credentials. Expected OAuth 2 access token, login cookie or other valid authentication credential. See https://developers.google.com/identity/sign-in/web/devconsole-project.","status":"UNAUTHENTICATED"}}
[debug] [2024-07-11T09:54:08.528Z] HTTP Error: 401, Request had invalid authentication credentials. Expected OAuth 2 access token, login cookie or other valid authentication credential. See https://developers.google.com/identity/sign-in/web/devconsole-project.
[error] 
[error] Error: Assertion failed: resolving hosting target of a site with no site name or target name. This should have caused an error earlier
[debug] [2024-07-11T10:00:27.974Z] ----------------------------------------------------------------------
[debug] [2024-07-11T10:00:27.977Z] Command:       /home/ilyaz/.nvm/versions/node/v18.16.0/bin/node /home/ilyaz/.nvm/versions/node/v18.16.0/bin/firebase deploy
[debug] [2024-07-11T10:00:27.978Z] CLI Version:   13.13.1
[debug] [2024-07-11T10:00:27.979Z] Platform:      linux
[debug] [2024-07-11T10:00:27.979Z] Node Version:  v18.16.0
[debug] [2024-07-11T10:00:27.980Z] Time:          Thu Jul 11 2024 16:00:27 GMT+0600 (Киргизия)
[debug] [2024-07-11T10:00:27.980Z] ----------------------------------------------------------------------
[debug] 
[debug] [2024-07-11T10:00:28.165Z] > command requires scopes: ["email","openid","https://www.googleapis.com/auth/cloudplatformprojects.readonly","https://www.googleapis.com/auth/firebase","https://www.googleapis.com/auth/cloud-platform"]
[debug] [2024-07-11T10:00:28.167Z] > authorizing via signed-in user (kutmanbekbolotov2003@gmail.com)
[debug] [2024-07-11T10:00:28.167Z] [iam] checking project listenup-b1bd1 for permissions ["cloudfunctions.functions.create","cloudfunctions.functions.delete","cloudfunctions.functions.get","cloudfunctions.functions.list","cloudfunctions.functions.update","cloudfunctions.operations.get","firebase.projects.get","firebasehosting.sites.update"]
[debug] [2024-07-11T10:00:28.170Z] >>> [apiv2][query] POST https://cloudresourcemanager.googleapis.com/v1/projects/listenup-b1bd1:testIamPermissions [none]
[debug] [2024-07-11T10:00:28.170Z] >>> [apiv2][(partial)header] POST https://cloudresourcemanager.googleapis.com/v1/projects/listenup-b1bd1:testIamPermissions x-goog-quota-user=projects/listenup-b1bd1
[debug] [2024-07-11T10:00:28.171Z] >>> [apiv2][body] POST https://cloudresourcemanager.googleapis.com/v1/projects/listenup-b1bd1:testIamPermissions {"permissions":["cloudfunctions.functions.create","cloudfunctions.functions.delete","cloudfunctions.functions.get","cloudfunctions.functions.list","cloudfunctions.functions.update","cloudfunctions.operations.get","firebase.projects.get","firebasehosting.sites.update"]}
[debug] [2024-07-11T10:00:29.591Z] <<< [apiv2][status] POST https://cloudresourcemanager.googleapis.com/v1/projects/listenup-b1bd1:testIamPermissions 401
[debug] [2024-07-11T10:00:29.592Z] <<< [apiv2][body] POST https://cloudresourcemanager.googleapis.com/v1/projects/listenup-b1bd1:testIamPermissions {"error":{"code":401,"message":"Request had invalid authentication credentials. Expected OAuth 2 access token, login cookie or other valid authentication credential. See https://developers.google.com/identity/sign-in/web/devconsole-project.","status":"UNAUTHENTICATED","details":[{"@type":"type.googleapis.com/google.rpc.ErrorInfo","reason":"ACCESS_TOKEN_TYPE_UNSUPPORTED","metadata":{"method":"google.cloudresourcemanager.v1.Projects.TestIamPermissions","service":"cloudresourcemanager.googleapis.com"}}]}}
[debug] [2024-07-11T10:00:29.594Z] [iam] error while checking permissions, command may fail: FirebaseError: HTTP Error: 401, Request had invalid authentication credentials. Expected OAuth 2 access token, login cookie or other valid authentication credential. See https://developers.google.com/identity/sign-in/web/devconsole-project.
[debug] [2024-07-11T10:00:29.595Z] >>> [apiv2][query] POST https://iam.googleapis.com/v1/projects/listenup-b1bd1/serviceAccounts/listenup-b1bd1@appspot.gserviceaccount.com:testIamPermissions [none]
[debug] [2024-07-11T10:00:29.596Z] >>> [apiv2][body] POST https://iam.googleapis.com/v1/projects/listenup-b1bd1/serviceAccounts/listenup-b1bd1@appspot.gserviceaccount.com:testIamPermissions {"permissions":["iam.serviceAccounts.actAs"]}
[debug] [2024-07-11T10:00:31.412Z] <<< [apiv2][status] POST https://iam.googleapis.com/v1/projects/listenup-b1bd1/serviceAccounts/listenup-b1bd1@appspot.gserviceaccount.com:testIamPermissions 401
[debug] [2024-07-11T10:00:31.413Z] <<< [apiv2][body] POST https://iam.googleapis.com/v1/projects/listenup-b1bd1/serviceAccounts/listenup-b1bd1@appspot.gserviceaccount.com:testIamPermissions {"error":{"code":401,"message":"Request had invalid authentication credentials. Expected OAuth 2 access token, login cookie or other valid authentication credential. See https://developers.google.com/identity/sign-in/web/devconsole-project.","status":"UNAUTHENTICATED","details":[{"@type":"type.googleapis.com/google.rpc.ErrorInfo","reason":"ACCESS_TOKEN_TYPE_UNSUPPORTED","metadata":{"method":"google.iam.admin.v1.IAM.TestIamPermissions","service":"iam.googleapis.com"}}]}}
[debug] [2024-07-11T10:00:31.414Z] [functions] service account IAM check errored, deploy may fail: HTTP Error: 401, Request had invalid authentication credentials. Expected OAuth 2 access token, login cookie or other valid authentication credential. See https://developers.google.com/identity/sign-in/web/devconsole-project. {"name":"FirebaseError","children":[],"context":{"body":{"error":{"code":401,"message":"Request had invalid authentication credentials. Expected OAuth 2 access token, login cookie or other valid authentication credential. See https://developers.google.com/identity/sign-in/web/devconsole-project.","status":"UNAUTHENTICATED","details":[{"@type":"type.googleapis.com/google.rpc.ErrorInfo","reason":"ACCESS_TOKEN_TYPE_UNSUPPORTED","metadata":{"method":"google.iam.admin.v1.IAM.TestIamPermissions","service":"iam.googleapis.com"}}]}},"response":{"statusCode":401}},"exit":1,"message":"HTTP Error: 401, Request had invalid authentication credentials. Expected OAuth 2 access token, login cookie or other valid authentication credential. See https://developers.google.com/identity/sign-in/web/devconsole-project.","status":401}
[debug] [2024-07-11T10:00:31.420Z] >>> [apiv2][query] GET https://firebase.googleapis.com/v1beta1/projects/listenup-b1bd1 [none]
[debug] [2024-07-11T10:00:32.430Z] <<< [apiv2][status] GET https://firebase.googleapis.com/v1beta1/projects/listenup-b1bd1 401
[debug] [2024-07-11T10:00:32.431Z] <<< [apiv2][body] GET https://firebase.googleapis.com/v1beta1/projects/listenup-b1bd1 {"error":{"code":401,"message":"Request had invalid authentication credentials. Expected OAuth 2 access token, login cookie or other valid authentication credential. See https://developers.google.com/identity/sign-in/web/devconsole-project.","status":"UNAUTHENTICATED"}}
[debug] [2024-07-11T10:00:32.432Z] HTTP Error: 401, Request had invalid authentication credentials. Expected OAuth 2 access token, login cookie or other valid authentication credential. See https://developers.google.com/identity/sign-in/web/devconsole-project.
[error] 
[error] Error: Assertion failed: resolving hosting target of a site with no site name or target name. This should have caused an error earlier
